<?xml version="1.0" encoding="UTF-8"?>
<!-- Generated by org.testng.reporters.JUnitXMLReporter -->
<testsuite ignored="2" hostname="DESKTOP-FKCOGVL" failures="0" tests="4" name="Test" time="9.023" errors="0" timestamp="2023-11-01T22:29:17 IST">
  <testcase classname="testNG.TestNG_5_Groups" name="redmine" time="2.888"/>
  <testcase classname="testNG.TestNG_5_Groups" name="selenium" time="0.985"/>
  <testcase classname="testNG.TestNG_5_Groups" name="swiggy" time="1.292"/>
  <testcase classname="testNG.TestNG_5_Groups" name="zomato" time="1.355"/>
  <testcase classname="testNG.TestNG_5_Groups" name="twitter" time="0.0">
    <ignored/>
  </testcase> <!-- twitter -->
  <testcase classname="testNG.TestNG_5_Groups" name="whatsapp" time="0.0">
    <ignored/>
  </testcase> <!-- whatsapp -->
</testsuite> <!-- Test -->
