<?xml version="1.0" encoding="UTF-8"?>
<testng-results ignored="0" total="1" passed="1" failed="0" skipped="0">
  <reporter-output>
  </reporter-output>
  <suite started-at="2023-11-10T09:18:14 IST" name="Default suite" finished-at="2023-11-10T09:18:23 IST" duration-ms="8947">
    <groups>
    </groups>
    <test started-at="2023-11-10T09:18:14 IST" name="Default test" finished-at="2023-11-10T09:18:23 IST" duration-ms="8947">
      <class name="scrolldown_up.ScrollDown_Up">
        <test-method is-config="true" signature="beforeTest()[pri:0, instance:scrolldown_up.ScrollDown_Up@3ee37e5a]" started-at="2023-11-10T09:18:14 IST" name="beforeTest" finished-at="2023-11-10T09:18:15 IST" duration-ms="1845" status="PASS">
          <reporter-output>
          </reporter-output>
        </test-method> <!-- beforeTest -->
        <test-method signature="scrollDown()[pri:0, instance:scrolldown_up.ScrollDown_Up@3ee37e5a]" started-at="2023-11-10T09:18:16 IST" name="scrollDown" finished-at="2023-11-10T09:18:23 IST" duration-ms="7060" status="PASS">
          <reporter-output>
          </reporter-output>
        </test-method> <!-- scrollDown -->
      </class> <!-- scrolldown_up.ScrollDown_Up -->
    </test> <!-- Default test -->
  </suite> <!-- Default suite -->
</testng-results>
